{"message":"Server is running on 5000","level":"info"}
{"message":"Incoming request GET","level":"info"}
{"message":"/response {\n  _id: 60edf18948efab411c63e542,\n  name: 'sam',\n  email: 'test00@gmail.com',\n  contact: 1234567890,\n  address: '12agfg',\n  __v: 0\n},{\n  _id: 60ee502248efab411c63e546,\n  name: 'sam',\n  email: 'test@gmail.com',\n  contact: 1234567890,\n  address: '12agfg',\n  __v: 0\n},{\n  _id: 60ee75148bded8529897ab43,\n  name: 'sam',\n  email: 'test92@gmail.com',\n  contact: 1234567890,\n  address: '12agfg',\n  __v: 0\n},{\n  _id: 60ee76dd8bded8529897ab47,\n  name: 'sam',\n  email: 'test002@gmail.com',\n  contact: 1234567890,\n  address: '12agfg',\n  __v: 0\n},{\n  _id: 60ee970049a47c5a3c9c8633,\n  name: 'sam',\n  email: 'test02@gmail.com',\n  contact: 1234567890,\n  address: '12agfg',\n  __v: 0\n},{\n  _id: 60eeb2ba9f78602c9c23534e,\n  name: 'sam',\n  email: 'te2@gmail.com',\n  contact: 1234567890,\n  address: '12agfg',\n  __v: 0\n},{\n  _id: 60eeb4f644b02d5a2c570a95,\n  name: 'sam',\n  email: 'te200@gmail.com',\n  contact: 1234567890,\n  address: '12agfg',\n  __v: 0\n},{\n  _id: 60eebad50c75e85a14a32c47,\n  name: 'sam',\n  email: 'te2000@gmail.com',\n  contact: 1234567890,\n  address: '12agfg',\n  __v: 0\n},{\n  _id: 60eebb4ecba294595036bfdd,\n  name: 'sam',\n  email: 'te20000@gmail.com',\n  contact: 1234567890,\n  address: '12agfg',\n  __v: 0\n}","level":"info"}
{"timestamp":"Wed Jul 14 2021 16:59:51 GMT+0530 (India Standard Time)","method":"GET","url":"/api/employee","status":200,"contentLength":"1113","responseTime":340.374,"level":"info","message":"HTTP Access Log"}
{"message":"Server is running on 5000","level":"info"}
{"message":"Incoming request GET","level":"info"}
{"statusCode":404,"status":"fail","message":"Can't find /api/employee/987875667 on this server!","level":"error"}
{"timestamp":"Wed Jul 14 2021 17:00:55 GMT+0530 (India Standard Time)","method":"GET","url":"/api/employee/987875667","status":404,"contentLength":"123","responseTime":3.167,"level":"info","message":"HTTP Access Log"}
{"message":"Server is running on 5000","level":"info"}
{"timestamp":"Wed Jul 14 2021 17:01:37 GMT+0530 (India Standard Time)","method":"GET","url":"/api/employee","status":200,"contentLength":"1113","responseTime":326.011,"level":"info","message":"HTTP Access Log"}
{"statusCode":400,"status":"fail","message":{"errors":[{"msg":"Name is required!","param":"name","location":"body"}]},"level":"error"}
{"timestamp":"Wed Jul 14 2021 17:02:07 GMT+0530 (India Standard Time)","method":"POST","url":"/api/employee","status":400,"contentLength":"144","responseTime":10.821,"level":"info","message":"HTTP Access Log"}
{"statusCode":400,"status":"fail","message":{"errors":[{"value":"te20000@gmail..com","msg":"Enter valid email!","param":"email","location":"body"}]},"level":"error"}
{"timestamp":"Wed Jul 14 2021 17:02:37 GMT+0530 (India Standard Time)","method":"POST","url":"/api/employee","status":400,"contentLength":"175","responseTime":5.284,"level":"info","message":"HTTP Access Log"}
{"message":"File name: employeeService.js Data passed sam te20000@gmail.com 1234567890 12agfg","level":"info"}
{"statusCode":400,"status":"fail","message":"Email already exists!","level":"error"}
{"timestamp":"Wed Jul 14 2021 17:02:49 GMT+0530 (India Standard Time)","method":"POST","url":"/api/employee","status":400,"contentLength":"94","responseTime":316.563,"level":"info","message":"HTTP Access Log"}
{"message":"File name: employeeService.js Data passed sam te2000@gmail.com 1234567890 12agfg","level":"info"}
{"statusCode":400,"status":"fail","message":"Email already exists!","level":"error"}
{"timestamp":"Wed Jul 14 2021 17:03:06 GMT+0530 (India Standard Time)","method":"POST","url":"/api/employee","status":400,"contentLength":"94","responseTime":309.412,"level":"info","message":"HTTP Access Log"}
{"message":"File name: employeeService.js Data passed sam t2000@gmail.com 1234567890 12agfg","level":"info"}
{"message":"Data added to the database {\n  _id: 60eecb7698e42358a86e6f8d,\n  name: 'sam',\n  email: 't2000@gmail.com',\n  contact: 1234567890,\n  address: '12agfg',\n  __v: 0\n}","level":"info"}
{"timestamp":"Wed Jul 14 2021 17:03:10 GMT+0530 (India Standard Time)","method":"POST","url":"/api/employee","status":200,"contentLength":"130","responseTime":634.826,"level":"info","message":"HTTP Access Log"}
{"error":{},"level":"error","message":"uncaughtException: morgan is not defined\nReferenceError: morgan is not defined\n    at file:///C:/Users/Saman%20Aysha/Documents/GitHub/CodeBase/app.js:12:5\n    at ModuleJob.run (internal/modules/esm/module_job.js:169:25)\n    at async Loader.import (internal/modules/esm/loader.js:177:24)\n    at async Object.loadESM (internal/process/esm_loader.js:68:5)","stack":"ReferenceError: morgan is not defined\n    at file:///C:/Users/Saman%20Aysha/Documents/GitHub/CodeBase/app.js:12:5\n    at ModuleJob.run (internal/modules/esm/module_job.js:169:25)\n    at async Loader.import (internal/modules/esm/loader.js:177:24)\n    at async Object.loadESM (internal/process/esm_loader.js:68:5)","exception":true,"date":"Wed Jul 14 2021 17:03:35 GMT+0530 (India Standard Time)","process":{"pid":22248,"uid":null,"gid":null,"cwd":"C:\\Users\\Saman Aysha\\Documents\\GitHub\\CodeBase","execPath":"C:\\Program Files\\nodejs\\node.exe","version":"v14.17.3","argv":["C:\\Program Files\\nodejs\\node.exe","C:\\Users\\Saman Aysha\\Documents\\GitHub\\CodeBase\\app.js"],"memoryUsage":{"rss":63266816,"heapTotal":35622912,"heapUsed":26241096,"external":20561541,"arrayBuffers":18668136}},"os":{"loadavg":[0,0,0],"uptime":147457},"trace":[{"column":5,"file":"file:///C:/Users/Saman%20Aysha/Documents/GitHub/CodeBase/app.js","function":null,"line":12,"method":null,"native":false},{"column":25,"file":"internal/modules/esm/module_job.js","function":"ModuleJob.run","line":169,"method":"run","native":false},{"column":24,"file":"internal/modules/esm/loader.js","function":"async Loader.import","line":177,"method":"import","native":false},{"column":5,"file":"internal/process/esm_loader.js","function":"async Object.loadESM","line":68,"method":"loadESM","native":false}]}
{"error":{},"level":"error","message":"uncaughtException: morgan is not defined\nReferenceError: morgan is not defined\n    at file:///C:/Users/Saman%20Aysha/Documents/GitHub/CodeBase/app.js:12:5\n    at ModuleJob.run (internal/modules/esm/module_job.js:169:25)\n    at async Loader.import (internal/modules/esm/loader.js:177:24)\n    at async Object.loadESM (internal/process/esm_loader.js:68:5)","stack":"ReferenceError: morgan is not defined\n    at file:///C:/Users/Saman%20Aysha/Documents/GitHub/CodeBase/app.js:12:5\n    at ModuleJob.run (internal/modules/esm/module_job.js:169:25)\n    at async Loader.import (internal/modules/esm/loader.js:177:24)\n    at async Object.loadESM (internal/process/esm_loader.js:68:5)","exception":true,"date":"Wed Jul 14 2021 17:03:51 GMT+0530 (India Standard Time)","process":{"pid":14328,"uid":null,"gid":null,"cwd":"C:\\Users\\Saman Aysha\\Documents\\GitHub\\CodeBase","execPath":"C:\\Program Files\\nodejs\\node.exe","version":"v14.17.3","argv":["C:\\Program Files\\nodejs\\node.exe","C:\\Users\\Saman Aysha\\Documents\\GitHub\\CodeBase\\app.js"],"memoryUsage":{"rss":65716224,"heapTotal":55283712,"heapUsed":21790488,"external":20580029,"arrayBuffers":18280666}},"os":{"loadavg":[0,0,0],"uptime":147472},"trace":[{"column":5,"file":"file:///C:/Users/Saman%20Aysha/Documents/GitHub/CodeBase/app.js","function":null,"line":12,"method":null,"native":false},{"column":25,"file":"internal/modules/esm/module_job.js","function":"ModuleJob.run","line":169,"method":"run","native":false},{"column":24,"file":"internal/modules/esm/loader.js","function":"async Loader.import","line":177,"method":"import","native":false},{"column":5,"file":"internal/process/esm_loader.js","function":"async Object.loadESM","line":68,"method":"loadESM","native":false}]}
{"message":"Server is running on 5000","level":"info"}
{"message":"File name: employeeService.js Data passed sam t2000@gmail.com 1234567890 12agfg","level":"info"}
{"statusCode":400,"status":"fail","message":"Email already exists!","level":"error"}
{"timestamp":"Wed Jul 14 2021 17:04:21 GMT+0530 (India Standard Time)","method":"POST","url":"/api/employee","status":400,"contentLength":"94","responseTime":553.559,"level":"info","message":"HTTP Access Log"}
{"message":"Server is running on 5000","level":"info"}
{"message":"File name: employeeService.js Data passed sam t2000@gmail.com 1234567890 12agfg","level":"info"}
{"statusCode":400,"status":"fail","message":"Email already exists!","level":"error"}
{"timestamp":"Wed Jul 14 2021 17:05:09 GMT+0530 (India Standard Time)","method":"POST","url":"/api/employee","status":400,"contentLength":"94","responseTime":345.996,"level":"info","message":"HTTP Access Log"}
{"message":"Server is running on 5000","level":"info"}
{"message":"Server is running on 5000","level":"info"}
{"message":"File name: employeeService.js Data passed sam t2000@gmail.com 1234567890 12agfg","level":"info"}
{"statusCode":400,"status":"fail","message":"Email already exists!","level":"error"}
{"timestamp":"Wed Jul 14 2021 17:15:17 GMT+0530 (India Standard Time)","method":"POST","url":"/api/employee","status":400,"contentLength":"94","responseTime":368.632,"level":"info","message":"HTTP Access Log"}
{"message":"Server is running on 5000","level":"info"}
{"message":"Server is running on 5000","level":"info"}
{"message":"Server is running on 5000","level":"info"}
{"message":"File name: employeeService.js Data passed sam t2000@gmail.com 1234567890 12agfg","level":"info"}
{"statusCode":400,"status":"fail","message":"Email already exists!","level":"error"}
{"timestamp":"Wed Jul 14 2021 17:20:03 GMT+0530 (India Standard Time)","method":"POST","url":"/api/employee","status":400,"contentLength":"94","responseTime":351.931,"level":"info","message":"HTTP Access Log"}
{"message":"Server is running on 5000","level":"info"}
{"message":"Server is running on 5000","level":"info"}
{"message":"File name: employeeService.js Data passed sam t2000@gmail.com 1234567890 12agfg","level":"info"}
{"statusCode":400,"status":"fail","message":"Email already exists!","level":"error"}
{"message":"Server is running on 5000","level":"info"}
{"message":"Server is running on 5000","level":"info"}
{"message":"File name: employeeService.js Data passed sam t2000@gmail.com 1234567890 12agfg","level":"info"}
{"statusCode":400,"status":"fail","message":"Email already exists!","level":"error"}
{"timestamp":"Wed Jul 14 2021 17:21:29 GMT+0530 (India Standard Time)","method":"POST","url":"/api/employee","status":400,"contentLength":"94","responseTime":331.849,"level":"info","message":"HTTP Access Log"}
